<?xml version="1.0" encoding="UTF-8"?>
<testsuite name="org.gradle.demo.HelloServletTest" tests="3" skipped="0" failures="0" errors="0" timestamp="2019-10-29T07:37:05" hostname="ARJUN-PC" time="1.355">
  <properties/>
  <testcase name="doPostWithoutName" classname="org.gradle.demo.HelloServletTest" time="1.349"/>
  <testcase name="doGet" classname="org.gradle.demo.HelloServletTest" time="0.002"/>
  <testcase name="doPostWithName" classname="org.gradle.demo.HelloServletTest" time="0.003"/>
  <system-out><![CDATA[]]></system-out>
  <system-err><![CDATA[]]></system-err>
</testsuite>
